2021-08-15 17:24:41,506 :INFO : test_e2e : Getting card titles
2021-08-15 17:24:41,640 :INFO : test_e2e : Entering country name ind
2021-08-15 17:24:47,069 :INFO : test_e2e : test received from app is×
Success! Thank you! Your order will be delivered in next few weeks :-).
2021-08-15 22:59:03,558 :INFO : test_homepage : Name is Naveen
2021-08-15 22:59:03,661 :INFO : test_homepage : Email is abc@gmail.com
2021-08-15 22:59:06,979 :INFO : test_homepage : Name is Ankita
2021-08-15 22:59:06,979 :INFO : test_homepage : Name is Ankita
2021-08-15 22:59:07,076 :INFO : test_homepage : Email is abc@gmail.com
2021-08-15 22:59:07,076 :INFO : test_homepage : Email is abc@gmail.com
2021-08-16 11:06:46,231 :INFO : test_e2e : Getting card titles
2021-08-16 11:06:46,345 :INFO : test_e2e : Entering country name ind
2021-08-16 11:06:51,693 :INFO : test_e2e : test received from app is×
Success! Thank you! Your order will be delivered in next few weeks :-).
2021-08-16 11:06:54,213 :INFO : test_homepage : Name is Naveen
2021-08-16 11:06:54,281 :INFO : test_homepage : Email is abc@gmail.com
2021-08-16 11:06:56,525 :INFO : test_homepage : Name is Ankita
2021-08-16 11:06:56,525 :INFO : test_homepage : Name is Ankita
2021-08-16 11:06:56,611 :INFO : test_homepage : Email is abc@gmail.com
2021-08-16 11:06:56,611 :INFO : test_homepage : Email is abc@gmail.com
2021-08-16 11:36:45,396 :INFO : test_e2e : Getting card titles
2021-08-16 11:36:45,855 :INFO : test_e2e : Entering country name ind
2021-08-16 11:36:51,707 :INFO : test_e2e : test received from app is×
Success! Thank you! Your order will be delivered in next few weeks :-).
2021-08-16 11:37:00,193 :INFO : test_homepage : Name is Naveen
2021-08-16 11:37:00,223 :INFO : test_homepage : Email is abc@gmail.com
2021-08-16 11:37:00,924 :INFO : test_homepage : Name is Ankita
2021-08-16 11:37:00,924 :INFO : test_homepage : Name is Ankita
2021-08-16 11:37:00,936 :INFO : test_homepage : Email is abc@gmail.com
2021-08-16 11:37:00,936 :INFO : test_homepage : Email is abc@gmail.com
2021-08-16 11:39:32,806 :INFO : test_e2e : Getting card titles
2021-08-16 11:39:33,298 :INFO : test_e2e : Entering country name ind
2021-08-16 11:39:41,022 :INFO : test_e2e : test received from app is×
Success! Thank you! Your order will be delivered in next few weeks :-).
2021-08-16 11:39:48,594 :INFO : test_homepage : Name is Naveen
2021-08-16 11:39:48,619 :INFO : test_homepage : Email is abc@gmail.com
2021-08-16 11:39:49,330 :INFO : test_homepage : Name is Ankita
2021-08-16 11:39:49,330 :INFO : test_homepage : Name is Ankita
2021-08-16 11:39:49,344 :INFO : test_homepage : Email is abc@gmail.com
2021-08-16 11:39:49,344 :INFO : test_homepage : Email is abc@gmail.com
2021-08-16 11:47:56,438 :INFO : test_e2e : Getting card titles
2021-08-16 11:47:56,607 :INFO : test_e2e : Entering country name ind
2021-08-16 11:48:02,158 :INFO : test_e2e : test received from app is×
Success! Thank you! Your order will be delivered in next few weeks :-).
2021-08-16 11:48:04,585 :INFO : test_homepage : Name is Naveen
2021-08-16 11:48:04,714 :INFO : test_homepage : Email is abc@gmail.com
2021-08-16 11:48:05,016 :INFO : test_homepage : Name is Ankita
2021-08-16 11:48:05,016 :INFO : test_homepage : Name is Ankita
2021-08-16 11:48:05,078 :INFO : test_homepage : Email is abc@gmail.com
2021-08-16 11:48:05,078 :INFO : test_homepage : Email is abc@gmail.com
2021-08-16 11:51:37,838 :INFO : test_e2e : Getting card titles
2021-08-16 11:51:37,985 :INFO : test_e2e : Entering country name ind
2021-08-16 11:51:43,430 :INFO : test_e2e : test received from app is×
Success! Thank you! Your order will be delivered in next few weeks :-).
2021-08-16 11:51:46,948 :INFO : test_homepage : Name is Naveen
2021-08-16 11:51:47,045 :INFO : test_homepage : Email is abc@gmail.com
2021-08-16 11:51:47,323 :INFO : test_homepage : Name is Ankita
2021-08-16 11:51:47,323 :INFO : test_homepage : Name is Ankita
2021-08-16 11:51:47,365 :INFO : test_homepage : Email is abc@gmail.com
2021-08-16 11:51:47,365 :INFO : test_homepage : Email is abc@gmail.com
